<?xml version="1.0" encoding="UTF-8"?>
<testsuite name="TriangleTest" tests="6" skipped="0" failures="0" errors="0" timestamp="2015-08-18T03:58:44" hostname="Nataliyas-MacBook-Pro.local" time="0.005">
  <properties/>
  <testcase name="newTriangle_instantiatesCorrectly" classname="TriangleTest" time="0.003"/>
  <testcase name="newTriangle_isActuallyATriangle_false" classname="TriangleTest" time="0.0"/>
  <testcase name="newTriangle_setsHeight" classname="TriangleTest" time="0.0"/>
  <testcase name="newTriangle_setsLength" classname="TriangleTest" time="0.0"/>
  <testcase name="newTriangle_isActuallyATriangle_true" classname="TriangleTest" time="0.0"/>
  <testcase name="newTriangle_setsWidth" classname="TriangleTest" time="0.0"/>
  <system-out><![CDATA[]]></system-out>
  <system-err><![CDATA[]]></system-err>
</testsuite>
